{"/Users/PeterChen/Documents/code/build-a-super-comfortable-web-dev-env/days/13-jest/examples/cli-jest/minus.js": {"path":"/Users/PeterChen/Documents/code/build-a-super-comfortable-web-dev-env/days/13-jest/examples/cli-jest/minus.js","statementMap":{"0":{"start":{"line":2,"column":2},"end":{"line":2,"column":15}},"1":{"start":{"line":4,"column":0},"end":{"line":4,"column":23}}},"fnMap":{"0":{"name":"minus","decl":{"start":{"line":1,"column":9},"end":{"line":1,"column":14}},"loc":{"start":{"line":1,"column":21},"end":{"line":3,"column":1}},"line":1}},"branchMap":{},"s":{"0":1,"1":1},"f":{"0":1},"b":{},"_coverageSchema":"1a1c01bbd47fc00a2c39e90264f33305004495a9","hash":"0a92e9a3df8779bc66185442e95ee853aa9b73a8"}
,"/Users/PeterChen/Documents/code/build-a-super-comfortable-web-dev-env/days/13-jest/examples/cli-jest/sum.js": {"path":"/Users/PeterChen/Documents/code/build-a-super-comfortable-web-dev-env/days/13-jest/examples/cli-jest/sum.js","statementMap":{"0":{"start":{"line":2,"column":2},"end":{"line":2,"column":15}},"1":{"start":{"line":4,"column":0},"end":{"line":4,"column":21}}},"fnMap":{"0":{"name":"sum","decl":{"start":{"line":1,"column":9},"end":{"line":1,"column":12}},"loc":{"start":{"line":1,"column":19},"end":{"line":3,"column":1}},"line":1}},"branchMap":{},"s":{"0":1,"1":1},"f":{"0":1},"b":{},"_coverageSchema":"1a1c01bbd47fc00a2c39e90264f33305004495a9","hash":"a5ef4d9d15d880105c16b82807ff1bd598619e63"}
}
